100
0 0 1 2 3 4 5 6 7 8 9 10 11 12 13 14 15 16 17 18 19 20 21 22 23 24 25 26 27 28 29 30 31 32 33 107 148 149 442 554 708 968
1 34 35 36 37 38 39 40 41 42 43 44 45 46 47 48 49 50 51 52 53 54 55 56 57 58 59 60 61 62 63 64 65 583 1290
2 66 67 68 69 70 71 72 73 74 75 76 77 78 79 80 81 82 83 84 85 86 87 88 89 90 91 92 93 94 95 96 166 1502
3 97 98 99 100 101 102 103 104 105 106 108 109 110 111 112 113 114 115 116 117 118 119 120 121 122 123 124 125 126 127 128 451 679 1334 1671 3097
4 129 130 131 132 133 134 135 136 137 138 139 140 141 143 144 145 146 147 150 152 153 154 155 156 157 158 160 162 163 165 167 168 170 171 172 212 859
5 142 151 159 161 164 169 173 174 175 176 177 178 179 180 181 182 183 184 185 186 187 188 189 191 192 193 194 195 196 197 198 199 200 201 468 686 869 1310
6 190 202 203 204 205 206 207 208 209 210 211 213 214 215 216 217 218 219 220 221 222 223 224 225 227 228 229 231 232 273 485 624 867 1173 2153 2264
7 226 230 233 234 235 236 237 238 239 240 241 242 243 244 245 246 247 248 249 250 251 252 253 254 255 256 258 259 260 385 7624
8 257 261 264 265 266 267 268 269 270 272 274 275 277 278 279 280 281 282 283 284 285 286 288 290 291 293 295 296 297 299 300 301 302 303 396 476 552
9 262 263 271 287 289 294 298 304 305 306 307 308 309 310 311 312 315 316 317 318 319 320 321 323 324 325 327 328 329 330 331 332 655 6729
10 276 326 333 334 336 338 339 342 343 344 345 346 347 348 349 350 352 353 354 355 356 357 358 359 360 361 362 363 364 365 909 948 1737 2848 3244 5381 5926
11 292 313 314 322 335 337 341 351 366 367 368 369 370 371 372 373 374 375 376 377 378 379 381 382 383 384 387 388 389 390 393 395 397 398 653 2060
12 340 380 391 392 394 399 401 402 404 405 407 408 410 411 412 413 415 417 418 419 420 421 422 423 424 425 426 427 428 429 439 1263 2076 3756
13 386 400 409 414 430 432 443 444 445 457 458 462 463 465 467 469 482 487 494 497 502 503 505 513 514 524 528 531 533 538 542 549 553 555 566 572 594 1482 5482
14 406 433 434 435 437 440 450 452 453 454 455 456 460 461 464 471 475 478 479 481 483 484 486 489 490 492 1315 4371
15 403 431 436 438 441 446 447 448 466 470 472 473 474 480 488 491 493 496 498 500 501 504 506 507 508 509 510 511 512 515 516 517 725 977
16 526 534 537 558 562 565 569 575 578 580 582 586 595 597 602 606 610 611 612 621 625 634 643 650 654 659 677 681 687 688 689 841 1583
17 449 459 521 522 523 525 530 532 536 539 540 543 544 546 547 551 560 561 579 581 585 587 591 609 615 617 620 622 627 637 638 646 665 1951 2955
18 495 519 520 548 559 567 568 576 577 592 598 599 600 601 603 608 613 614 616 628 632 635 639 647 656 661 669 671 672 678 685 691 717 720 1930
19 518 529 535 541 545 550 570 571 588 589 590 596 605 618 630 633 642 645 649 658 663 664 668 670 673 692 800 900
20 499 527 584 619 623 629 636 640 651 652 660 662 676 684 694 696 697 698 701 702 703 704 706 709 710 712 715 716 721 727 729 732 733 762 907 1184 2591 3198
21 564 604 607 626 631 641 644 675 680 683 695 699 700 705 713 714 723 724 728 730 731 736 737 739 740 742 744 745 747 749 750 751 753 765 1089 3684
22 477 666 667 674 707 718 719 726 743 746 748 752 754 755 756 758 760 761 764 766 768 769 770 771 773 776 778 782 805 829 899
23 657 682 735 759 763 772 774 775 779 780 784 786 787 788 789 790 791 793 795 796 797 798 801 802 806 815 843 873 878 1384 4171
24 573 593 648 757 777 781 785 792 794 799 803 804 807 810 812 814 817 820 821 822 825 826 828 830 832 833 834 836 837 845 871 1954
25 738 767 813 819 831 838 846 849 850 852 853 857 863 880 888 896 911 918 919 932 944 952 953 984 996 997 998 1001 1037 1044 1098 1134 1495
26 711 816 818 824 839 842 847 854 856 862 864 866 868 874 877 882 883 885 887 889 890 891 898 901 902 906 914 915 957 1052 1958 3975
27 574 722 734 808 809 811 835 840 848 855 858 860 865 876 892 893 894 908 916 917 920 921 922 923 926 930 943 949 967 995 1434 1572
28 827 844 861 881 884 897 928 931 935 936 939 941 946 954 960 969 975 978 980 982 988 989 990 992 993 994 1000 1003 1004 1006 1007 1008 1010 1015 1016 1065 2486 5921
29 886 924 933 938 945 950 958 959 962 963 966 973 987 991 999 1002 1021 1022 1023 1024 1025 1026 1027 1035 1039 1049 1050 1056 1078 1110 1714
30 823 965 976 983 986 1005 1017 1019 1020 1033 1036 1038 1041 1051 1053 1057 1060 1062 1063 1066 1070 1071 1073 1074 1077 1079 1084 1085 1087 1088 1099 1103 1656
31 416 563 741 851 870 872 903 913 929 934 937 956 961 964 971 979 985 1011 1013 1014 1031 1032 1042 1054 1059 1069 1072 1082 1092 1093 1112 1114 1131 1171 1888
32 879 912 940 942 947 1009 1012 1029 1030 1034 1040 1045 1058 1068 1094 1096 1106 1121 1122 1125 1130 1132 1137 1138 1140 1141 1142 1143 1147 1150 1151 1156 1168 1194 2402 2780
33 895 904 905 925 1018 1061 1064 1091 1097 1102 1113 1115 1117 1124 1127 1128 1133 1135 1136 1139 1145 1157 1164 1165 1166 1167 1170 1172 1177 1179 7585
34 910 955 981 1076 1080 1086 1095 1104 1108 1109 1116 1119 1123 1126 1144 1149 1174 1176 1180 1188 1190 1191 1204 1210 1213 1215 1216 1221 1228 1230 1231 1232 1233 1244 1251 1256 1270 1283 1679
35 1186 1234 1235 1260 1352 1363 1378 1395 1415 1424 1427 1440 1452 1489 1494 1504 1506 1516 1538 1557 1576 1585 1604 1607 1617 1642 1653 1677 1694 1721 1752 1917 1959
36 970 1075 1152 1155 1187 1201 1206 1211 1212 1214 1225 1238 1241 1245 1250 1266 1268 1269 1273 1279 1286 1293 1301 1308 1323 1332 1333 1340 1345 1350 1351 1365 1387 1388 1412 1413 5526
37 927 972 1081 1100 1105 1160 1161 1185 1189 1198 1205 1207 1209 1218 1222 1224 1227 1229 1240 1243 1255 1259 1271 1275 1277 1278 1280 1292 1294 1296 1299 1300 1302 1304 1305 1312 1313 1319 1343 1591 3102 3849
38 1107 1118 1178 1192 1203 1239 1288 1291 1303 1314 1321 1325 1329 1337 1358 1362 1370 1456 1461 1466 1480 1505 1515 1530 1541 1549 1602 1603 1734 2371
39 1067 1083 1101 1111 1129 1153 1154 1163 1197 1226 1297 1298 1307 1309 1318 1324 1326 1341 1349 1369 1401 1410 1418 1430 1450 1460 1475 1481 1484 1497 1520 1546
40 875 951 1146 1175 1202 1223 1249 1253 1272 1281 1287 1316 1330 1338 1346 1348 1357 1360 1361 1364 1373 1381 1382 1383 1390 1391 1393 1408 1417 1420 1439 1441 1468 1476 1522 2120 7055
41 1120 1148 1162 1195 1217 1262 1267 1274 1311 1322 1368 1380 1396 1402 1403 1407 1409 1442 1443 1449 1463 1474 1477 1478 1490 1493 1510 1511 1513 1514 1528 1632 1790
42 1181 1182 1220 1257 1258 1284 1295 1328 1356 1366 1371 1386 1429 1438 1455 1459 1462 1469 1486 1488 1491 1518 1527 1539 1545 1552 1573 1592 1643 1809 3585
43 1055 1183 1208 1285 1339 1353 1374 1375 1394 1397 1416 1421 1428 1435 1436 1473 1483 1485 1500 1503 1509 1526 1548 1563 1566 1568 1571 1584 1598 1611 1621 1640 1667 1669 2889 4247
44 1028 1199 1219 1236 1246 1282 1367 1376 1379 1398 1406 1445 1448 1458 1479 1498 1532 1561 1569 1578 1588 1599 1610 1620 1622 1626 1638 1651 1652 1655 1674 1783 1881 2112 2713
45 974 1158 1193 1200 1237 1254 1265 1320 1335 1344 1389 1400 1432 1454 1465 1499 1501 1517 1537 1544 1554 1555 1558 1559 1562 1570 1597 1601 1613 1619 1624 1625 1627 1665 1876
46 1090 1242 1247 1264 1385 1392 1404 1414 1422 1423 1451 1453 1467 1496 1524 1565 1567 1582 1586 1587 1589 1594 1595 1629 1634 1645 1650 1660 1663 1673 1688 1691 1692 1696 1697 1704 1711 1727 1766 2003 2513
47 783 1169 1327 1336 1347 1377 1419 1425 1426 1431 1437 1472 1521 1540 1612 1618 1623 1628 1635 1636 1637 1648 1657 1664 1666 1670 1680 1686 1689 1702 1708 1726 1733 1762 1765 1793 1981 2177 2818
48 1159 1289 1534 1550 1553 1560 1564 1575 1577 1593 1647 1654 1661 1662 1675 1678 1698 1700 1701 1715 1719 1728 1729 1731 1742 1745 1747 1751 1767 1768 1771 1775 1779 1784 1807 3248
49 1446 1606 1615 1616 1681 1716 1722 1732 1738 1746 1782 1795 1799 1800 1803 1814 1826 1830 1841 1842 1844 1852 1856 1857 1875 1877 1883 1885 1886 1937 2238 3457
50 1359 1372 1574 1646 1658 1672 1687 1690 1693 1695 1710 1739 1787 1797 1804 1806 1810 1818 1823 1828 1829 1843 1845 1862 1871 3483
51 1342 1492 1525 1631 1683 1705 1815 1832 1848 1859 1889 1921 1957 1960 1961 1982 1989 2008 2148 2202 2215 2249 2266 2268 2288 2340 2410 2420 2425 2500 2613 2633 2642 2826 3046 3722 3923 4946
52 1805 1837 1853 1861 1897 1899 1904 1933 1935 1950 1953 1986 2005 2027 2029 2042 2044 2050 2066 2072 2082 2088 2152 2157 2162 2164 2165 2175 2178 2184 2190 2203 2275
53 1317 1444 1508 1556 1579 1590 1641 1709 1748 1774 1785 1788 1811 1813 1816 1835 1836 1839 1846 1847 1851 1854 1855 1858 1864 1865 1866 1869 1872 2198 4023
54 1470 1547 1713 1717 1723 1744 1776 1778 1780 1789 1791 1817 1820 1821 1825 1834 1867 1880 1882 1893 1906 1912 1913 1931 1932 1944 1946 1947 1948 1952 1965 1967 2383 5661
55 1248 1399 1457 1580 1608 1614 1676 1724 1725 1741 1750 1786 1824 1827 1878 1894 1902 1918 1923 1924 1926 1928 1940 1942 1945 1955 1966 1968 1972 2000 2047 6887
56 1447 1543 1581 1596 1600 1639 1649 1796 1831 1840 1890 1900 1908 1910 1927 1934 1936 1963 1977 1979 1983 1985 1987 1991 1992 1995 1996 2001 2004 2007 2033 2058
57 1699 1706 1712 1801 1863 1895 1907 1909 1925 1956 1988 1993 1999 2006 2010 2014 2022 2038 2041 2049 2052 2055 2059 2062 2085 2087 2100 2291
58 1043 1411 1529 1749 1808 1849 1884 1914 1915 1971 1990 2011 2012 2020 2036 2046 2053 2064 2068 2080 2083 2092 2096 2099 2114 2115 2126 2127 2170 2659 3106
59 1781 1997 2043 2104 2187 2188 2227 2231 2237 2295 2337 2356 2396 2430 2479 2485 2494 2529 2583 2622 2629 2692 2732 2736 2737 2758 2783 2866 2948 2956 2980 3002 3101 3126 4672 5333 6138
60 1519 1542 1743 1892 2013 2017 2024 2025 2028 2032 2035 2063 2065 2089 2119 2131 2144 2160 2169 2171 2181 2193 2199 2224 2225 2232 2239 2240 2243 2279 2293 2296 2316 2322 2433 2612 5985
61 1605 1659 1718 1735 1740 1772 1874 1949 1974 2040 2051 2074 2078 2105 2117 2121 2134 2141 2142 2145 2146 2147 2154 2158 2167 2173 2204 2219 2220 2221 2223 2282 2298 2385 3389
62 1777 1922 2021 2079 2091 2106 2116 2143 2150 2174 2191 2196 2217 2234 2245 2292 2302 2345 2347 2363 2372 2389 2418 2423 2442 2445 2448 2453 2474 2475 2490 2491 2521 2563 2565 2575 2600 2616 2627 2648 2674 2841 3870 4841
63 1822 1920 1939 2067 2122 2137 2179 2183 2209 2214 2254 2257 2277 2287 2297 2305 2307 2330 2334 2335 2352 2355 2359 2360 2364 2366 2378 2380 2403 2572
64 1919 2019 2070 2094 2097 2135 2151 2163 2176 2180 2195 2201 2207 2211 2218 2226 2241 2261 2262 2300 2306 2313 2314 2315 2329 2343 2368 2377 2381 2386 2398 2700 2705 2930 3497 6165 9584
65 1405 1507 1633 1798 1860 1903 1938 2016 2098 2108 2113 2132 2136 2200 2213 2222 2235 2260 2270 2286 2289 2311 2325 2341 2348 2373 2384 2404 2431
66 1354 1464 1682 1812 1901 2037 2081 2093 2095 2124 2138 2139 2140 2185 2205 2210 2271 2274 2285 2290 2319 2333 2374 2393 2417 2429 2435 2443 2447 2464 2506 2509 2518 2538 2567 2579 2653 2717
67 1707 1873 1879 1896 1929 2084 2102 2125 2172 2208 2229 2233 2244 2247 2253 2255 2259 2272 2278 2294 2309 2312 2332 2346 2351 2358 2379 2388 2391 2392 2450
68 1703 1802 1905 1943 2048 2090 2123 2156 2166 2186 2206 2216 2230 2236 2256 2258 2265 2327 2336 2399 2406 2415 2427 2439 2454 2471 2473 2482 2487 2510 4266
69 2367 2401 2540 2551 2554 2662 2725 2741 2744 2771 2782 2784 2864 2869 2884 2919 2925 2927 3041 3058 3059 3062 3113 3130 3169 3200 3201 3204 3208 3229 3247 3831
70 1898 1962 1964 1970 1973 2280 2375 2397 2409 2412 2413 2426 2432 2434 2456 2457 2458 2507 2514 2545 2547 2552 2562 2590 2609 2624 2634 2652 2666 2683 3514 6304
71 1975 1978 1994 2168 2212 2250 2251 2304 2421 2436 2455 2463 2477 2492 2611 2638 2643 2644 2647 2650 2654 2665 2684 2696 2710 2726 2729 2738 2745 2797 2805 2824 2849
72 1261 1512 1998 2130 2133 2328 2354 2370 2405 2419 2437 2451 2465 2497 2555 2560 2592 2595 2604 2614 2625 2636 2661 2693 2715 2739 2769 2775 2803 2809 2814 3182
73 2155 2424 2438 2460 2468 2469 2480 2512 2549 2568 2598 2599 2615 2682 2686 2689 2698 2702 2703 2708 2719 2724 2746 2747 2748 2796 2838 2842 2857 2895 2983
74 2034 2077 2269 2281 2310 2321 2411 2489 2493 2501 2516 2542 2544 2550 2571 2573 2587 2619 2631 2637 2639 2658 2669 2685 2695 2699 2711 2712 2733 2734 2735 2923
75 2428 2478 2532 2543 2605 2607 2610 2645 2663 2670 2706 2707 2777 2785 2787 2791 2799 2835 2840 2847 2858 2859 2870 2883 2886 2894 2897 2916 2963 2969 2981 2987 2992 3022 3025 3027 3033 3034 3052 3348 3448
76 1355 1533 1535 1870 2192 2446 2504 2577 2588 2601 2603 2690 2697 2709 2716 2721 2722 2751 2759 2802 2813 2815 2831 2836 2844 2851 2852 2855 2856 2860 2892 2902 2912 2941 3060 3071
77 2517 2533 2582 2657 2843 2933 2942 3045 3153 3160 3179 3180 3216 3221 3281 3293 3411 3560 3561 3574 3591 3603 3740 3811 3884 3981 4098 4138 4193 4347 4363 4412 4430 4431 4594 4716 4959 5022 5286 5350
78 1433 1471 1769 2009 2342 2382 2462 2498 2502 2566 2585 2594 2623 2664 2694 2704 2720 2768 2793 2807 2810 2854 2911 2922 2928 2943 2960 3057 5276 6049
79 1487 2023 2107 2182 2349 2408 2414 2466 2495 2503 2576 2581 2628 2660 2681 2757 2767 2786 2832 2882 2929 2932 2950 2954 2965 2970 2974 2986 3009 4613
80 1911 1976 2002 2056 2365 2534 2556 2640 2678 2728 2750 2760 2763 2764 2794 2795 2808 2812 2825 2828 2880 2881 2893 2896 2903 2906 2907 2909 3613 6337
81 2496 2557 2593 2649 2656 2668 2676 2766 2778 2789 2819 2820 2865 2874 2876 2913 2914 2917 2918 2926 2931 2939 2952 2958 2967 2968 3001 3021 3032 3040 3044 3074 3131
82 2030 2149 2242 2390 2452 2470 2871 2887 2905 2908 2937 2973 2976 2982 3049 3066 3142 3144 3149 3151 3178 3205 3220 3243 3257 3260 3267 3291 3292 3300 3305 3309 3318 3323
83 1644 1736 1850 2071 2073 2267 2488 2620 2762 2770 2816 2873 2890 2934 2961 2972 3003 3017 3047 3048 3056 3067 3079 3092 3115 3125 3133 3135 3139 3158 3162 3164 3173 3175 3186 3194 3319 3600
84 1196 1891 1969 2246 2248 2263 2308 2444 2520 2558 2564 2626 2688 2701 2776 2804 2811 2845 2862 2921 2959 2971 2988 2991 3008 3028 3038 3043 3053 3069 3073 3080 3083 3089 3222
85 2651 2667 2673 2680 2730 2792 2829 2834 2839 3000 3024 3036 3076 3085 3116 3119 3161 3170 3183 3224 3228 3234 3251 3275 3287 3317 3330 3332 3360 3384 3398 3400 3410 3888 4102
86 1306 1685 1730 1794 2301 2476 2546 2580 2867 2879 2949 2990 3012 3023 3070 3088 3127 3137 3163 3171 3184 3206 3223 3233 3235 3239 3246 3266 3299 3428
87 1916 2045 2752 2978 2998 3068 3121 3249 3252 3255 3258 3313 3314 3324 3349 3357 3359 3367 3372 3376 3387 3392 3406 3444 3447 3449 3455 3478 3489 3490 3499
88 2194 2718 2899 2977 3203 3219 3336 3338 3345 3354 3365 3429 3450 3459 3488 3496 3508 3519 3524 3545 3552 3563 3571 3577 3586 3607 3630 3704 4500
89 2570 2878 3082 3155 3176 3226 3230 3259 3280 3298 3303 3340 3394 3403 3416 3425 3470 3475 3479 3504 3506 3526 3529 3562 3573 3580 3597 3644 3649 3706 3774
90 2228 2320 2344 2537 2541 2632 2714 2723 2772 2823 2999 3004 3011 3019 3020 3081 3098 3100 3172 3190 3236 3240 3269 3286 3320 3350 3380 3388 3412 3423 3441 3454
91 3271 3362 3370 3446 3567 3611 3614 3643 3675 3692 3695 3696 3741 3784 3794 3828 3841 3842 3856 3909 3928 3937 3987 4081 4106 4131 4148 4195 4289 4609
92 2837 2885 3148 3177 3189 3334 3501 3511 3537 3568 3590 3595 3604 3622 3626 3640 3646 3652 3659 3668 3676 3713 3753 3754 3761 3764 3768 3772 3798 3805 4040 4291
93 2924 2979 3030 3096 3099 3282 3284 3358 3405 3471 3494 3505 3525 3532 3535 3540 3572 3575 3596 3632 3638 3648 3673 3700 3712 3718 3730 3777 3806 3808 3839 3943 3955 3989 4067 4813
94 2850 2985 3055 3095 3124 3136 3141 3165 3195 3254 3407 3413 3422 3458 3509 3513 3584 3631 3655 3677 3804 3815 3843 3871 3878 3974 3994 4005 4022 4050 4089 4103 4124 4157 4168 4200
95 1276 2101 2252 2338 2339 2407 2519 2731 2910 3005 3063 3154 3181 3199 3227 3288 3327 3397 3404 3414 3420 3427 3430 3451 3476 3484 3531 3541 3767
96 2553 2947 3013 3094 3117 3156 3166 3237 3315 3335 3378 3383 3418 3424 3464 3495 3512 3528 3542 3544 3548 3564 3587 3599 3615 3634 3661 3662 3666 3682 3708 4656
97 1609 1868 2508 2618 2765 2936 2975 3064 3093 3114 3140 3231 3295 3304 3311 3342 3371 3385 3390 3391 3492 3582 3594 3624 3637 3663 3667 3711 3739 3769 3771 3782 3819 3858 4142 4281 6102
98 1792 2039 2110 2128 2395 2596 2675 2821 2827 2830 3016 3065 3145 3217 3339 3351 3462 3480 3493 3517 3589 3610 3651 3827 3917 3929 3993 4018 4029 4104 4314 5295
99 2531 3146 3272 3289 3333 3364 3366 3369 3373 3409 3469 3491 3516 3521 3543 3608 3618 3620 3623 3654 3656 3689 3694 3697 3698 3723 3724 3737 3738 3751 3762 3773 3976 6402
